2025-04-30 17:02:48,100 17:02:48.100 [restartedMain] INFO  co.edu.unibague.ws.RinWsApplication - Starting RinWsApplication on DESKTOP-HI2LT27 with PID 15752 (C:\Users\U15280500268\Documents\WSBancolombia\wsbancolombia\target\classes started by U15280500268 in C:\Users\U15280500268\Documents\WSBancolombia)
2025-04-30 17:02:48,102 17:02:48.102 [restartedMain] DEBUG co.edu.unibague.ws.RinWsApplication - Running with Spring Boot v1.5.8.RELEASE, Spring v4.3.12.RELEASE
2025-04-30 17:02:48,103 17:02:48.103 [restartedMain] INFO  co.edu.unibague.ws.RinWsApplication - No active profile set, falling back to default profiles: default
2025-04-30 17:02:48,814 17:02:48.814 [restartedMain] ERROR o.s.boot.SpringApplication - Application startup failed
java.lang.NoClassDefFoundError: RecaudosRINSoap
	at java.lang.Class.getDeclaredMethods0(Native Method)
	at java.lang.Class.privateGetDeclaredMethods(Class.java:2701)
	at java.lang.Class.getDeclaredMethods(Class.java:1975)
	at org.springframework.util.ReflectionUtils.getDeclaredMethods(ReflectionUtils.java:613)
	at org.springframework.util.ReflectionUtils.doWithMethods(ReflectionUtils.java:524)
	at org.springframework.util.ReflectionUtils.doWithMethods(ReflectionUtils.java:510)
	at org.springframework.util.ReflectionUtils.getUniqueDeclaredMethods(ReflectionUtils.java:570)
	at org.springframework.beans.factory.support.AbstractAutowireCapableBeanFactory.getTypeForFactoryMethod(AbstractAutowireCapableBeanFactory.java:697)
	at org.springframework.beans.factory.support.AbstractAutowireCapableBeanFactory.determineTargetType(AbstractAutowireCapableBeanFactory.java:640)
	at org.springframework.beans.factory.support.AbstractAutowireCapableBeanFactory.predictBeanType(AbstractAutowireCapableBeanFactory.java:609)
	at org.springframework.beans.factory.support.AbstractBeanFactory.isFactoryBean(AbstractBeanFactory.java:1484)
	at org.springframework.beans.factory.support.DefaultListableBeanFactory.doGetBeanNamesForType(DefaultListableBeanFactory.java:425)
	at org.springframework.beans.factory.support.DefaultListableBeanFactory.getBeanNamesForType(DefaultListableBeanFactory.java:395)
	at org.springframework.boot.autoconfigure.web.EmbeddedServletContainerAutoConfiguration$BeanPostProcessorsRegistrar.registerSyntheticBeanIfMissing(EmbeddedServletContainerAutoConfiguration.java:148)
	at org.springframework.boot.autoconfigure.web.EmbeddedServletContainerAutoConfiguration$BeanPostProcessorsRegistrar.registerBeanDefinitions(EmbeddedServletContainerAutoConfiguration.java:137)
	at org.springframework.context.annotation.ConfigurationClassBeanDefinitionReader.loadBeanDefinitionsFromRegistrars(ConfigurationClassBeanDefinitionReader.java:359)
	at org.springframework.context.annotation.ConfigurationClassBeanDefinitionReader.loadBeanDefinitionsForConfigurationClass(ConfigurationClassBeanDefinitionReader.java:143)
	at org.springframework.context.annotation.ConfigurationClassBeanDefinitionReader.loadBeanDefinitions(ConfigurationClassBeanDefinitionReader.java:116)
	at org.springframework.context.annotation.ConfigurationClassPostProcessor.processConfigBeanDefinitions(ConfigurationClassPostProcessor.java:320)
	at org.springframework.context.annotation.ConfigurationClassPostProcessor.postProcessBeanDefinitionRegistry(ConfigurationClassPostProcessor.java:228)
	at org.springframework.context.support.PostProcessorRegistrationDelegate.invokeBeanDefinitionRegistryPostProcessors(PostProcessorRegistrationDelegate.java:272)
	at org.springframework.context.support.PostProcessorRegistrationDelegate.invokeBeanFactoryPostProcessors(PostProcessorRegistrationDelegate.java:92)
	at org.springframework.context.support.AbstractApplicationContext.invokeBeanFactoryPostProcessors(AbstractApplicationContext.java:687)
	at org.springframework.context.support.AbstractApplicationContext.refresh(AbstractApplicationContext.java:525)
	at org.springframework.boot.context.embedded.EmbeddedWebApplicationContext.refresh(EmbeddedWebApplicationContext.java:122)
	at org.springframework.boot.SpringApplication.refresh(SpringApplication.java:693)
	at org.springframework.boot.SpringApplication.refreshContext(SpringApplication.java:360)
	at org.springframework.boot.SpringApplication.run(SpringApplication.java:303)
	at org.springframework.boot.SpringApplication.run(SpringApplication.java:1118)
	at org.springframework.boot.SpringApplication.run(SpringApplication.java:1107)
	at co.edu.unibague.ws.RinWsApplication.main(RinWsApplication.java:10)
	at sun.reflect.NativeMethodAccessorImpl.invoke0(Native Method)
	at sun.reflect.NativeMethodAccessorImpl.invoke(NativeMethodAccessorImpl.java:62)
	at sun.reflect.DelegatingMethodAccessorImpl.invoke(DelegatingMethodAccessorImpl.java:43)
	at java.lang.reflect.Method.invoke(Method.java:498)
	at org.springframework.boot.devtools.restart.RestartLauncher.run(RestartLauncher.java:49)
Caused by: java.lang.ClassNotFoundException: RecaudosRINSoap
	at java.net.URLClassLoader.findClass(URLClassLoader.java:387)
	at java.lang.ClassLoader.loadClass(ClassLoader.java:418)
	at sun.misc.Launcher$AppClassLoader.loadClass(Launcher.java:352)
	at java.lang.ClassLoader.loadClass(ClassLoader.java:351)
	at org.springframework.boot.devtools.restart.classloader.RestartClassLoader.loadClass(RestartClassLoader.java:151)
	at java.lang.ClassLoader.loadClass(ClassLoader.java:351)
	... 36 common frames omitted
2025-04-30 17:02:48,831 17:02:48.831 [restartedMain] WARN  o.s.b.c.e.AnnotationConfigEmbeddedWebApplicationContext - Exception thrown from LifecycleProcessor on context close
java.lang.IllegalStateException: LifecycleProcessor not initialized - call 'refresh' before invoking lifecycle methods via the context: org.springframework.boot.context.embedded.AnnotationConfigEmbeddedWebApplicationContext@18f24c66: startup date [Wed Apr 30 17:02:48 COT 2025]; root of context hierarchy
	at org.springframework.context.support.AbstractApplicationContext.getLifecycleProcessor(AbstractApplicationContext.java:427)
	at org.springframework.context.support.AbstractApplicationContext.doClose(AbstractApplicationContext.java:999)
	at org.springframework.context.support.AbstractApplicationContext.close(AbstractApplicationContext.java:958)
	at org.springframework.boot.SpringApplication.handleRunFailure(SpringApplication.java:750)
	at org.springframework.boot.SpringApplication.run(SpringApplication.java:314)
	at org.springframework.boot.SpringApplication.run(SpringApplication.java:1118)
	at org.springframework.boot.SpringApplication.run(SpringApplication.java:1107)
	at co.edu.unibague.ws.RinWsApplication.main(RinWsApplication.java:10)
	at sun.reflect.NativeMethodAccessorImpl.invoke0(Native Method)
	at sun.reflect.NativeMethodAccessorImpl.invoke(NativeMethodAccessorImpl.java:62)
	at sun.reflect.DelegatingMethodAccessorImpl.invoke(DelegatingMethodAccessorImpl.java:43)
	at java.lang.reflect.Method.invoke(Method.java:498)
	at org.springframework.boot.devtools.restart.RestartLauncher.run(RestartLauncher.java:49)
2025-04-30 17:02:48,836 17:02:48.836 [restartedMain] ERROR o.s.b.f.s.DefaultListableBeanFactory - Destroy method on bean with name 'org.springframework.boot.autoconfigure.internalCachingMetadataReaderFactory' threw an exception
java.lang.IllegalStateException: ApplicationEventMulticaster not initialized - call 'refresh' before multicasting events via the context: org.springframework.boot.context.embedded.AnnotationConfigEmbeddedWebApplicationContext@18f24c66: startup date [Wed Apr 30 17:02:48 COT 2025]; root of context hierarchy
	at org.springframework.context.support.AbstractApplicationContext.getApplicationEventMulticaster(AbstractApplicationContext.java:414)
	at org.springframework.context.support.ApplicationListenerDetector.postProcessBeforeDestruction(ApplicationListenerDetector.java:97)
	at org.springframework.beans.factory.support.DisposableBeanAdapter.destroy(DisposableBeanAdapter.java:253)
	at org.springframework.beans.factory.support.DefaultSingletonBeanRegistry.destroyBean(DefaultSingletonBeanRegistry.java:578)
	at org.springframework.beans.factory.support.DefaultSingletonBeanRegistry.destroySingleton(DefaultSingletonBeanRegistry.java:554)
	at org.springframework.beans.factory.support.DefaultListableBeanFactory.destroySingleton(DefaultListableBeanFactory.java:961)
	at org.springframework.beans.factory.support.DefaultSingletonBeanRegistry.destroySingletons(DefaultSingletonBeanRegistry.java:523)
	at org.springframework.beans.factory.support.FactoryBeanRegistrySupport.destroySingletons(FactoryBeanRegistrySupport.java:230)
	at org.springframework.beans.factory.support.DefaultListableBeanFactory.destroySingletons(DefaultListableBeanFactory.java:968)
	at org.springframework.context.support.AbstractApplicationContext.destroyBeans(AbstractApplicationContext.java:1030)
	at org.springframework.context.support.AbstractApplicationContext.doClose(AbstractApplicationContext.java:1006)
	at org.springframework.context.support.AbstractApplicationContext.close(AbstractApplicationContext.java:958)
	at org.springframework.boot.SpringApplication.handleRunFailure(SpringApplication.java:750)
	at org.springframework.boot.SpringApplication.run(SpringApplication.java:314)
	at org.springframework.boot.SpringApplication.run(SpringApplication.java:1118)
	at org.springframework.boot.SpringApplication.run(SpringApplication.java:1107)
	at co.edu.unibague.ws.RinWsApplication.main(RinWsApplication.java:10)
	at sun.reflect.NativeMethodAccessorImpl.invoke0(Native Method)
	at sun.reflect.NativeMethodAccessorImpl.invoke(NativeMethodAccessorImpl.java:62)
	at sun.reflect.DelegatingMethodAccessorImpl.invoke(DelegatingMethodAccessorImpl.java:43)
	at java.lang.reflect.Method.invoke(Method.java:498)
	at org.springframework.boot.devtools.restart.RestartLauncher.run(RestartLauncher.java:49)
2025-04-30 17:22:14,824 17:22:14.824 [restartedMain] INFO  co.edu.unibague.ws.RinWsApplication - Starting RinWsApplication on DESKTOP-HI2LT27 with PID 8540 (C:\Users\U15280500268\Documents\WSBancolombia\wsbancolombia\target\classes started by U15280500268 in C:\Users\U15280500268\Documents\WSBancolombia)
2025-04-30 17:22:14,826 17:22:14.826 [restartedMain] DEBUG co.edu.unibague.ws.RinWsApplication - Running with Spring Boot v1.5.8.RELEASE, Spring v4.3.12.RELEASE
2025-04-30 17:22:14,827 17:22:14.827 [restartedMain] INFO  co.edu.unibague.ws.RinWsApplication - No active profile set, falling back to default profiles: default
2025-04-30 17:22:16,364 17:22:16.364 [restartedMain] INFO  org.xnio - XNIO version 3.3.8.Final
2025-04-30 17:22:16,377 17:22:16.377 [restartedMain] INFO  org.xnio.nio - XNIO NIO Implementation Version 3.3.8.Final
2025-04-30 17:22:16,465 17:22:16.465 [restartedMain] WARN  io.undertow.websockets.jsr - UT026009: XNIO worker was not set on WebSocketDeploymentInfo, the default worker will be used
2025-04-30 17:22:16,465 17:22:16.465 [restartedMain] WARN  io.undertow.websockets.jsr - UT026010: Buffer pool was not set on WebSocketDeploymentInfo, the default pool will be used
2025-04-30 17:22:16,489 17:22:16.489 [restartedMain] INFO  io.undertow.servlet - Initializing Spring embedded WebApplicationContext
2025-04-30 17:22:16,955 17:22:16.955 [restartedMain] INFO  o.a.c.w.s.f.ReflectionServiceFactoryBean - Creating Service {http://tempuri.org}RecaudosRIN from class org.tempuri.RecaudosRINSoap
2025-04-30 17:22:17,422 17:22:17.422 [restartedMain] INFO  org.apache.cxf.endpoint.ServerImpl - Setting the server's publish address to be /wsrin
2025-04-30 17:22:18,170 17:22:18.170 [restartedMain] INFO  co.edu.unibague.ws.RinWsApplication - Started RinWsApplication in 3.894 seconds (JVM running for 4.31)
2025-04-30 17:22:51,100 17:22:51.100 [restartedMain] INFO  co.edu.unibague.ws.RinWsApplication - Starting RinWsApplication on DESKTOP-HI2LT27 with PID 11244 (C:\Users\U15280500268\Documents\WSBancolombia\wsbancolombia\target\classes started by U15280500268 in C:\Users\U15280500268\Documents\WSBancolombia)
2025-04-30 17:22:51,101 17:22:51.101 [restartedMain] DEBUG co.edu.unibague.ws.RinWsApplication - Running with Spring Boot v1.5.8.RELEASE, Spring v4.3.12.RELEASE
2025-04-30 17:22:51,102 17:22:51.102 [restartedMain] INFO  co.edu.unibague.ws.RinWsApplication - No active profile set, falling back to default profiles: default
2025-04-30 17:22:52,674 17:22:52.674 [restartedMain] INFO  org.xnio - XNIO version 3.3.8.Final
2025-04-30 17:22:52,688 17:22:52.688 [restartedMain] INFO  org.xnio.nio - XNIO NIO Implementation Version 3.3.8.Final
2025-04-30 17:22:52,728 17:22:52.728 [restartedMain] WARN  io.undertow.websockets.jsr - UT026009: XNIO worker was not set on WebSocketDeploymentInfo, the default worker will be used
2025-04-30 17:22:52,729 17:22:52.729 [restartedMain] WARN  io.undertow.websockets.jsr - UT026010: Buffer pool was not set on WebSocketDeploymentInfo, the default pool will be used
2025-04-30 17:22:52,751 17:22:52.751 [restartedMain] INFO  io.undertow.servlet - Initializing Spring embedded WebApplicationContext
2025-04-30 17:22:53,233 17:22:53.233 [restartedMain] INFO  o.a.c.w.s.f.ReflectionServiceFactoryBean - Creating Service {http://tempuri.org}RecaudosRIN from class org.tempuri.RecaudosRINSoap
2025-04-30 17:22:53,828 17:22:53.828 [restartedMain] INFO  org.apache.cxf.endpoint.ServerImpl - Setting the server's publish address to be /wsrin
2025-04-30 17:22:54,595 17:22:54.595 [restartedMain] INFO  co.edu.unibague.ws.RinWsApplication - Started RinWsApplication in 4.053 seconds (JVM running for 4.443)
